Build started 18/9/2015 1:07:25 PM.
     1>Project "C:\Users\tanyiecher\Desktop\2D Game\2D_Game_2\Base\Base.vcxproj" on node 2 (build target(s)).
     1>InitializeBuildStatus:
         Touching "Debug\Base.unsuccessfulbuild".
       ClCompile:
         C:\Program Files (x86)\Microsoft Visual Studio 10.0\VC\bin\CL.exe /c /I"C:\Users\tanyiecher\Desktop\2D Game\2D_Game_2\/Common/Source" /I"C:\Users\tanyiecher\Desktop\2D Game\2D_Game_2\/glew/include" /I"C:\Users\tanyiecher\Desktop\2D Game\2D_Game_2\/glfw/include" /ZI /nologo /W3 /WX- /Od /Oy- /D _VARIADIC_MAX=10 /D WIN32 /D _DEBUG /D _CONSOLE /D _UNICODE /D UNICODE /Gm /EHsc /RTC1 /MDd /GS /fp:precise /Zc:wchar_t /Zc:forScope /Fo"Debug\\" /Fd"Debug\vc100.pdb" /Gd /TP /analyze- /errorReport:prompt Source\Character.cpp Source\Entity.cpp
         Character.cpp
         Generating Code...
         Skipping... (no relevant changes detected)
         Entity.cpp
       Link:
         C:\Program Files (x86)\Microsoft Visual Studio 10.0\VC\bin\link.exe /ERRORREPORT:PROMPT /OUT:"C:\Users\tanyiecher\Desktop\2D Game\2D_Game_2\Debug\Base.exe" /INCREMENTAL:NO /NOLOGO /LIBPATH:"C:\Users\tanyiecher\Desktop\2D Game\2D_Game_2\Debug" /LIBPATH:"C:\Users\tanyiecher\Desktop\2D Game\2D_Game_2\/glfw/lib-msvc100" /LIBPATH:"C:\Users\tanyiecher\Desktop\2D Game\2D_Game_2\/glew/lib" Common.lib winmm.lib opengl32.lib glu32.lib glew32.lib glfw3.lib kernel32.lib user32.lib gdi32.lib winspool.lib comdlg32.lib advapi32.lib shell32.lib ole32.lib oleaut32.lib uuid.lib odbc32.lib odbccp32.lib /MANIFEST /ManifestFile:"Debug\Base.exe.intermediate.manifest" /MANIFESTUAC:"level='asInvoker' uiAccess='false'" /DEBUG /PDB:"C:\Users\tanyiecher\Desktop\2D Game\2D_Game_2\Debug\Base.pdb" /SUBSYSTEM:CONSOLE /TLBID:1 /DYNAMICBASE /NXCOMPAT /IMPLIB:"C:\Users\tanyiecher\Desktop\2D Game\2D_Game_2\Debug\Base.lib" /MACHINE:X86 Debug\Camera.obj
         Debug\Camera3.obj
         Debug\Character.obj
         Debug\Collision.obj
         Debug\Controller.obj
         Debug\Controller_3D_Game.obj
         Debug\DepthFBO.obj
         Debug\Entity.obj
         Debug\FontData.obj
         Debug\LoadHmap.obj
         Debug\LoadOBJ.obj
         Debug\LoadTGA.obj
         Debug\main.obj
         Debug\Mesh.obj
         Debug\MeshBuilder.obj
         Debug\MeshList.obj
         Debug\MiniMap.obj
         Debug\Model.obj
         Debug\Model_Gameplay.obj
         Debug\Object.obj
         Debug\shader.obj
         Debug\SpriteAnimation.obj
         Debug\utilities.obj
         Debug\Utility.obj
         Debug\View.obj
         Debug\View_3D_Game.obj
     1>Camera.obj : warning LNK4075: ignoring '/EDITANDCONTINUE' due to '/INCREMENTAL:NO' specification
     1>LINK : warning LNK4098: defaultlib 'MSVCRT' conflicts with use of other libs; use /NODEFAULTLIB:library
         Base.vcxproj -> C:\Users\tanyiecher\Desktop\2D Game\2D_Game_2\Debug\Base.exe
       Manifest:
         C:\Program Files (x86)\Microsoft SDKs\Windows\v7.0A\bin\mt.exe /nologo /verbose /outputresource:"C:\Users\tanyiecher\Desktop\2D Game\2D_Game_2\Debug\Base.exe;#1" /manifest Debug\Base.exe.intermediate.manifest
       FinalizeBuildStatus:
         Deleting file "Debug\Base.unsuccessfulbuild".
         Touching "Debug\Base.lastbuildstate".
     1>Done Building Project "C:\Users\tanyiecher\Desktop\2D Game\2D_Game_2\Base\Base.vcxproj" (build target(s)).

Build succeeded.

Time Elapsed 00:00:03.08
